
2020/03/24-10:21:59 TrustPayClient Java V3.1.7 交易开始==========================
2020/03/24-10:21:59 检查交易请求是否合法：
2020/03/24-10:21:59 正确
2020/03/24-10:21:59 交易报文：
2020/03/24-10:21:59 完整交易报文：
2020/03/24-10:21:59 签名后的报文：
2020/03/24-10:21:59 发送交易报文至网上支付平台：
2020/03/24-10:21:59 提交网上支付平台的报文：
                    {"Message":{"Version":"V3.0.0","Format":"JSON","Merchant":{"ECMerchantType":"EBUS","MerchantID":"103881929993502"},"TrxRequest":{"TrxType":"UnifiedOrderReq","PaymentType":"8","PaymentLinkType":"1","ReceiveAccount":"","ReceiveAccName":"","NotifyType":"1","ResultNotifyURL":"http://localhost:8081/MerchantResult.jsp","MerchantRemarks":"","IsBreakAccount":"0","SplitAccTemplate":"","LimitPay":"","CommodityType":"0201","Order":{"PayTypeID":"JSAPI","OrderDate":"2020/03/24","OrderTime":"10:21:59","orderTimeoutDate":"","OrderNo":"s-20032410215901","CurrencyCode":"156","OrderAmount":"12","Fee":"","AccountNo":"wxa6560b9ee6f159f8","OrderDesc":"订单说明","OpenID":"oHXtL5HJ23V7FCNt2v5RRHeEjZpA","ReceiverAddress":"","InstallmentMark":"0","InstallmentCode":"","InstallmentNum":"","BuyIP":"","ExpiredDate":"","LimitPay":"no_credit","OrderItems":[{"SubMerName":"","SubMerId":"","SubMerMCC":"","SubMerchantRemarks":"","ProductID":"","ProductName":"商品A","UnitPrice":"12","Qty":"","ProductRemarks":"","ProductType":"","ProductDiscount":"","ProductExpiredDate":""}]}}},"Signature-Algorithm":"SHA1withRSA","Signature":"VVIz1XMkeVMv4jV21AF6lpiaq9X+rf2fdyqRghMt51zESBDUbFqGq20Hav6kp64BPx13lp+FElMVgptAO7ZAlVgGxBj357lAGYUsMqkhW/M0FOHUdMmV5IFS/jXeiDUEkOlII+BOIgwAtEG9wrbm9bsyf3Ek6OFd4vRQLPOLuWA="}
2020/03/24-10:21:59 报文长度：1287
2020/03/24-10:21:59 连线网上支付平台：成功
2020/03/24-10:21:59 提交交易报文：成功
2020/03/24-10:21:59 等待网上支付平台返回交易结果：成功
2020/03/24-10:21:59 返回报文：
                    HTTP/1.1 200 OKCache-Control: privateContent-Type: text/html; charset=gb2312Server: Microsoft-IIS/8.5X-AspNet-Version: 4.0.30319Set-Cookie: ASP.NET_SessionId=z4ud2z43srrvspa2ltg5y3ie; path=/; HttpOnlyX-Powered-By: ASP.NETDate: Tue, 24 Mar 2020 02:21:58 GMTConnection: closeSet-Cookie: BIGipServerpool_ebus_ebus=!sMeuDGIhNvRY59e3henJuDiOltfGQGrXeJMcI86JTV1zCm9oJOROGHnAw31Qgr1tzI08P5kzTeV1eJs=; path=/{"MSG":{"Message":{"Version":"V3.0.0","Format":"JSON","Merchant":{"ECMerchantType":"EBUS","MerchantID":"103881929993502"},"ReturnCode":"0000","ErrorMessage":"交易成功","TrxType":"UnifiedOrderReq","OrderNo":"s-20032410215901","PaymentURL":"https://pay.abchina.com/ebusperbank/PaymentModeNewAct.ebf?TOKEN=15850165184136808799","QRURL":"","PrePayID":"wx24102158480482b0849d5c6e1447888400","ThirdOrderNo":"10388192999350250165184136808799","OrderAmount":"12","OpenID":"","BankType":"","APP":{"sub_appid":"wxa6560b9ee6f159f8","partnerid":"","prepayid":"","package":"prepay_id=wx24102158480482b0849d5c6e1447888400","noncestr":"","timestamp":"1585016518","sign":"f+xIa1WfzsFq6wW56CeAQrwEYUjM092dTF5saAAntMOlCt/aOAwm6IXbgJnbTBpazTYz0f3lmrbgUz6R7V8kjPObgbNYM6E6tKEmgcOeXDVeRH+B0zfRmMwucLmzMbzQHK0OnRw0R3T/2w6F2apGo+KTrRzIe4mF0qKzqGMtm0brCuHc46WH7eHP8CUTk6soRw6s8a8/xvnQHbJoHVNTFUXa+t1KTH9W2pZJ+RJbd5cCaDge7UYFFHWB2+vtjIpEe0I+TiV77JUWlzq8+bndHYg6g0zOl+wAJRSpGOJLpZGQRpBmpFryySJ2twIUwlELg3WouiJN02y2plZb2mJwig=="},"JSAPI":{"sub_appId":"wxa6560b9ee6f159f8","timeStamp":"1585016518","nonceStr":"da7319d8db174698a7eed96a1eb4a722","package":"prepay_id=wx24102158480482b0849d5c6e1447888400","signType":"RSA","timestamp":"1585016518","paySign":"2fmmNXqODDJzp2DZ+WY9Yxt3NmpAR7ZZej8yBZdSTRbRIObjFIu2fuu5MYBLVEFWZloNOszsCTSZd3dTAqsjmV7gXTifyBjxYxYuikpw/qpys89c+dvRAWBx+tLDOs7C5UmNjzGL4ujMDi2SxOd6Hm67cneRypsRjwFE3QpGBdNoGJ5pnzDXbFwnoIRTSrtZmS2GLiUCTY1KyDJhEoDTdiWy51OxTBxpVO7JBhuI4bFH4+iQ8rIgCdILqDCMcqZ0993NuNJwJocj+3MI+DkiJwOANcNjeid+JNr+6VMq9o98DVFYKnEB2UnfpbzeHJTMnqUP5uMkYDBeo/nb7fkWOQ=="},"HostDate":"20200324","HostTime":"102158"},"Signature-Algorithm":"SHA1withRSA","Signature":"bSzhIzOhOVoRbhNx4K0ZMPMVg3voAL8VOlQQKbnDb7ijQJmG3UG4nsTXsPV284UYgeAHDegHDpU3YV2vvrQkLI2iUqtnhmYqbwxq81KGcHwZMhWHbWpsCNjKezL/c2sFOujQ3Qxi+Ha0wuBvjDdLd+lQSJfhUxL00FX+c5YzL7Q="}}
2020/03/24-10:21:59 接收报文：
2020/03/24-10:21:59 HTTP/1.1 200 OKCache-Control: privateContent-Type: text/html; charset=gb2312Server: Microsoft-IIS/8.5X-AspNet-Version: 4.0.30319Set-Cookie: ASP.NET_SessionId=z4ud2z43srrvspa2ltg5y3ie; path=/; HttpOnlyX-Powered-By: ASP.NETDate: Tue, 24 Mar 2020 02:21:58 GMTConnection: closeSet-Cookie: BIGipServerpool_ebus_ebus=!sMeuDGIhNvRY59e3henJuDiOltfGQGrXeJMcI86JTV1zCm9oJOROGHnAw31Qgr1tzI08P5kzTeV1eJs=; path=/{"MSG":{"Message":{"Version":"V3.0.0","Format":"JSON","Merchant":{"ECMerchantType":"EBUS","MerchantID":"103881929993502"},"ReturnCode":"0000","ErrorMessage":"交易成功","TrxType":"UnifiedOrderReq","OrderNo":"s-20032410215901","PaymentURL":"https://pay.abchina.com/ebusperbank/PaymentModeNewAct.ebf?TOKEN=15850165184136808799","QRURL":"","PrePayID":"wx24102158480482b0849d5c6e1447888400","ThirdOrderNo":"10388192999350250165184136808799","OrderAmount":"12","OpenID":"","BankType":"","APP":{"sub_appid":"wxa6560b9ee6f159f8","partnerid":"","prepayid":"","package":"prepay_id=wx24102158480482b0849d5c6e1447888400","noncestr":"","timestamp":"1585016518","sign":"f+xIa1WfzsFq6wW56CeAQrwEYUjM092dTF5saAAntMOlCt/aOAwm6IXbgJnbTBpazTYz0f3lmrbgUz6R7V8kjPObgbNYM6E6tKEmgcOeXDVeRH+B0zfRmMwucLmzMbzQHK0OnRw0R3T/2w6F2apGo+KTrRzIe4mF0qKzqGMtm0brCuHc46WH7eHP8CUTk6soRw6s8a8/xvnQHbJoHVNTFUXa+t1KTH9W2pZJ+RJbd5cCaDge7UYFFHWB2+vtjIpEe0I+TiV77JUWlzq8+bndHYg6g0zOl+wAJRSpGOJLpZGQRpBmpFryySJ2twIUwlELg3WouiJN02y2plZb2mJwig=="},"JSAPI":{"sub_appId":"wxa6560b9ee6f159f8","timeStamp":"1585016518","nonceStr":"da7319d8db174698a7eed96a1eb4a722","package":"prepay_id=wx24102158480482b0849d5c6e1447888400","signType":"RSA","timestamp":"1585016518","paySign":"2fmmNXqODDJzp2DZ+WY9Yxt3NmpAR7ZZej8yBZdSTRbRIObjFIu2fuu5MYBLVEFWZloNOszsCTSZd3dTAqsjmV7gXTifyBjxYxYuikpw/qpys89c+dvRAWBx+tLDOs7C5UmNjzGL4ujMDi2SxOd6Hm67cneRypsRjwFE3QpGBdNoGJ5pnzDXbFwnoIRTSrtZmS2GLiUCTY1KyDJhEoDTdiWy51OxTBxpVO7JBhuI4bFH4+iQ8rIgCdILqDCMcqZ0993NuNJwJocj+3MI+DkiJwOANcNjeid+JNr+6VMq9o98DVFYKnEB2UnfpbzeHJTMnqUP5uMkYDBeo/nb7fkWOQ=="},"HostDate":"20200324","HostTime":"102158"},"Signature-Algorithm":"SHA1withRSA","Signature":"bSzhIzOhOVoRbhNx4K0ZMPMVg3voAL8VOlQQKbnDb7ijQJmG3UG4nsTXsPV284UYgeAHDegHDpU3YV2vvrQkLI2iUqtnhmYqbwxq81KGcHwZMhWHbWpsCNjKezL/c2sFOujQ3Qxi+Ha0wuBvjDdLd+lQSJfhUxL00FX+c5YzL7Q="}}
2020/03/24-10:21:59 验证网上支付平台响应报文的签名：正确
2020/03/24-10:21:59 生成交易响应对象：
2020/03/24-10:21:59 交易结果：[0000]
2020/03/24-10:21:59 错误信息：[交易成功]
2020/03/24-10:21:59 交易结束==================================================
2020/03/24-10:22:15 TrustPayClient Java V3.1.7 交易开始==========================
2020/03/24-10:22:15 检查交易请求是否合法：
2020/03/24-10:22:15 错误代码：[1101]    错误信息：[订单信息不合法！订单日期不合法]
2020/03/24-10:22:15 交易结束==================================================
2020/03/24-10:22:23 TrustPayClient Java V3.1.7 交易开始==========================
2020/03/24-10:22:23 检查交易请求是否合法：
2020/03/24-10:22:23 错误代码：[1101]    错误信息：[订单信息不合法！订单日期不合法]
2020/03/24-10:22:23 交易结束==================================================
2020/03/24-10:22:31 TrustPayClient Java V3.1.7 交易开始==========================
2020/03/24-10:22:31 检查交易请求是否合法：
2020/03/24-10:22:31 正确
2020/03/24-10:22:31 交易报文：
2020/03/24-10:22:31 完整交易报文：
2020/03/24-10:22:31 签名后的报文：
2020/03/24-10:22:31 发送交易报文至网上支付平台：
2020/03/24-10:22:31 提交网上支付平台的报文：
                    {"Message":{"Version":"V3.0.0","Format":"JSON","Merchant":{"ECMerchantType":"EBUS","MerchantID":"103881929993502"},"TrxRequest":{"TrxType":"UnifiedOrderReq","PaymentType":"8","PaymentLinkType":"1","ReceiveAccount":"","ReceiveAccName":"","NotifyType":"1","ResultNotifyURL":"http://localhost:8081/MerchantResult.jsp","MerchantRemarks":"","IsBreakAccount":"0","SplitAccTemplate":"","LimitPay":"","CommodityType":"0201","Order":{"PayTypeID":"JSAPI","OrderDate":"2020/03/24","OrderTime":"10:22:31","orderTimeoutDate":"","OrderNo":"s-20032410223104","CurrencyCode":"156","OrderAmount":"12","Fee":"","AccountNo":"wxa6560b9ee6f159f8","OrderDesc":"订单说明","OpenID":"oHXtL5HJ23V7FCNt2v5RRHeEjZpA","ReceiverAddress":"","InstallmentMark":"0","InstallmentCode":"","InstallmentNum":"","BuyIP":"","ExpiredDate":"","LimitPay":"no_credit","OrderItems":[{"SubMerName":"","SubMerId":"","SubMerMCC":"","SubMerchantRemarks":"","ProductID":"","ProductName":"商品A","UnitPrice":"12","Qty":"","ProductRemarks":"","ProductType":"","ProductDiscount":"","ProductExpiredDate":""}]}}},"Signature-Algorithm":"SHA1withRSA","Signature":"HUJu34TqJNaS7716P8T/9f0yRB7N9fnWpP6wyFjA3mkqLIOKv1B6qCoRWcdWlXVwQLG7Cid4Br8kp9RS1nu17hUmWSCHRVlx/GOP/tX2i9w1Du+bNDKVhs1CMwQ3xNVKXoFE3cC2ODVqH/AogUD+D7cUyPEGSZijGTMnKYXi/SI="}
2020/03/24-10:22:31 报文长度：1287
2020/03/24-10:22:31 连线网上支付平台：成功
2020/03/24-10:22:31 提交交易报文：成功
2020/03/24-10:22:31 等待网上支付平台返回交易结果：成功
2020/03/24-10:22:32 返回报文：
                    HTTP/1.1 200 OKCache-Control: privateContent-Type: text/html; charset=gb2312Server: Microsoft-IIS/8.5X-AspNet-Version: 4.0.30319Set-Cookie: ASP.NET_SessionId=p01mhwhgdzmzy5tsfj5vvbts; path=/; HttpOnlyX-Powered-By: ASP.NETDate: Tue, 24 Mar 2020 02:22:30 GMTConnection: closeSet-Cookie: BIGipServerpool_ebus_ebus=!WbJpoTKc9lRpPL0kw4aFx3ZE31VCfFrNVzqRpL3kalNfwTX7zovf6s4IW2Vb+msI2NIER1NAlV+Dhfw=; path=/{"MSG":{"Message":{"Version":"V3.0.0","Format":"JSON","Merchant":{"ECMerchantType":"EBUS","MerchantID":"103881929993502"},"ReturnCode":"0000","ErrorMessage":"交易成功","TrxType":"UnifiedOrderReq","OrderNo":"s-20032410223104","PaymentURL":"https://pay.abchina.com/ebusperbank/PaymentModeNewAct.ebf?TOKEN=15850165505411359097","QRURL":"","PrePayID":"wx24102230627963a5366424641734552400","ThirdOrderNo":"10388192999350250165505411359097","OrderAmount":"12","OpenID":"","BankType":"","APP":{"sub_appid":"wxa6560b9ee6f159f8","partnerid":"","prepayid":"","package":"prepay_id=wx24102230627963a5366424641734552400","noncestr":"","timestamp":"1585016550","sign":"nF+mLxrxcT/LmuFtME0S1Shg0YTKwmAQxdkV1OmzXzKISTa8VPo7e7TjEfwrPXrtvHweOxlOJ++XQvQOHFqiNaMcdgxDS3xfah+MVwAKbTk9HihSwiSCi3ZYmi+r7U2CfrymwNT4A8ypvhDUzOeaycYxJzWj5dOL3KNBxCeyOKAn2lyIpx4bOqMWeM86Jp/ybvxzNEj1WXXlCswXPyAue/LqCam+pCNPzWwv3BIsWmTDlVkdnWCulHkTZqxvYg8G6vArvEckqx5NMYTXtghxU+c/wBUNCxRGgwQnoJFQNq3BTcaQgZMbW7MmqiRJAIzQtq83eJ17kwa7fRtcVjVO3w=="},"JSAPI":{"sub_appId":"wxa6560b9ee6f159f8","timeStamp":"1585016550","nonceStr":"f12a0d86bf7f414a9293192dc48f3a59","package":"prepay_id=wx24102230627963a5366424641734552400","signType":"RSA","timestamp":"1585016550","paySign":"fqci+iQMHXDrr1cQOzmk6aJw3SE3PoQsXT16GKmpXzudQ8cQtXzJqZmG+k9rYY6D609MeVSS+yRKSNFbVtg3uFdL31KDiJ0J8KiiLKCj0kdaU0UNpy1hHYkQvcUZR8XVK6FafjQqC8zTLilBgs4Ra1WzkyxFYKjGYVx9p0U6IWCasmbNPrUxYVeZM/s77Fn+c8tbFRNTuSfqsGRSC0lMjOZc8pIdv7jk5Uszsspwe8X2Ubl7n8ziaaIOC/Rk0IfGBCupgbTMKXR9+/wcsCIC2YKYAYFSWB3BDqob5XwIB9VP7WPp8BwihtQa3iMMnc5x0nJU0JUAG2qshrkDKOVVkQ=="},"HostDate":"20200324","HostTime":"102230"},"Signature-Algorithm":"SHA1withRSA","Signature":"mQkVFE+pVGxBESBtUugRNWusfbBDf8HvC6cI6eAUjqCPyNWk9N7xpLGBjyldedD9AHmrZ/19wiOivH4MTQ5hW9jok3XM07rO10BLRNgQedVHB0Fdy2wsZgL70OLrVPCn38rtC0MEKplqflQCf0NKjNCOGMwVPtOVtLJGuauc200="}}
2020/03/24-10:22:32 接收报文：
2020/03/24-10:22:32 HTTP/1.1 200 OKCache-Control: privateContent-Type: text/html; charset=gb2312Server: Microsoft-IIS/8.5X-AspNet-Version: 4.0.30319Set-Cookie: ASP.NET_SessionId=p01mhwhgdzmzy5tsfj5vvbts; path=/; HttpOnlyX-Powered-By: ASP.NETDate: Tue, 24 Mar 2020 02:22:30 GMTConnection: closeSet-Cookie: BIGipServerpool_ebus_ebus=!WbJpoTKc9lRpPL0kw4aFx3ZE31VCfFrNVzqRpL3kalNfwTX7zovf6s4IW2Vb+msI2NIER1NAlV+Dhfw=; path=/{"MSG":{"Message":{"Version":"V3.0.0","Format":"JSON","Merchant":{"ECMerchantType":"EBUS","MerchantID":"103881929993502"},"ReturnCode":"0000","ErrorMessage":"交易成功","TrxType":"UnifiedOrderReq","OrderNo":"s-20032410223104","PaymentURL":"https://pay.abchina.com/ebusperbank/PaymentModeNewAct.ebf?TOKEN=15850165505411359097","QRURL":"","PrePayID":"wx24102230627963a5366424641734552400","ThirdOrderNo":"10388192999350250165505411359097","OrderAmount":"12","OpenID":"","BankType":"","APP":{"sub_appid":"wxa6560b9ee6f159f8","partnerid":"","prepayid":"","package":"prepay_id=wx24102230627963a5366424641734552400","noncestr":"","timestamp":"1585016550","sign":"nF+mLxrxcT/LmuFtME0S1Shg0YTKwmAQxdkV1OmzXzKISTa8VPo7e7TjEfwrPXrtvHweOxlOJ++XQvQOHFqiNaMcdgxDS3xfah+MVwAKbTk9HihSwiSCi3ZYmi+r7U2CfrymwNT4A8ypvhDUzOeaycYxJzWj5dOL3KNBxCeyOKAn2lyIpx4bOqMWeM86Jp/ybvxzNEj1WXXlCswXPyAue/LqCam+pCNPzWwv3BIsWmTDlVkdnWCulHkTZqxvYg8G6vArvEckqx5NMYTXtghxU+c/wBUNCxRGgwQnoJFQNq3BTcaQgZMbW7MmqiRJAIzQtq83eJ17kwa7fRtcVjVO3w=="},"JSAPI":{"sub_appId":"wxa6560b9ee6f159f8","timeStamp":"1585016550","nonceStr":"f12a0d86bf7f414a9293192dc48f3a59","package":"prepay_id=wx24102230627963a5366424641734552400","signType":"RSA","timestamp":"1585016550","paySign":"fqci+iQMHXDrr1cQOzmk6aJw3SE3PoQsXT16GKmpXzudQ8cQtXzJqZmG+k9rYY6D609MeVSS+yRKSNFbVtg3uFdL31KDiJ0J8KiiLKCj0kdaU0UNpy1hHYkQvcUZR8XVK6FafjQqC8zTLilBgs4Ra1WzkyxFYKjGYVx9p0U6IWCasmbNPrUxYVeZM/s77Fn+c8tbFRNTuSfqsGRSC0lMjOZc8pIdv7jk5Uszsspwe8X2Ubl7n8ziaaIOC/Rk0IfGBCupgbTMKXR9+/wcsCIC2YKYAYFSWB3BDqob5XwIB9VP7WPp8BwihtQa3iMMnc5x0nJU0JUAG2qshrkDKOVVkQ=="},"HostDate":"20200324","HostTime":"102230"},"Signature-Algorithm":"SHA1withRSA","Signature":"mQkVFE+pVGxBESBtUugRNWusfbBDf8HvC6cI6eAUjqCPyNWk9N7xpLGBjyldedD9AHmrZ/19wiOivH4MTQ5hW9jok3XM07rO10BLRNgQedVHB0Fdy2wsZgL70OLrVPCn38rtC0MEKplqflQCf0NKjNCOGMwVPtOVtLJGuauc200="}}
2020/03/24-10:22:32 验证网上支付平台响应报文的签名：正确
2020/03/24-10:22:32 生成交易响应对象：
2020/03/24-10:22:32 交易结果：[0000]
2020/03/24-10:22:32 错误信息：[交易成功]
2020/03/24-10:22:32 交易结束==================================================
2020/03/24-10:22:35 TrustPayClient Java V3.1.7 交易开始==========================
2020/03/24-10:22:35 检查交易请求是否合法：
2020/03/24-10:22:35 正确
2020/03/24-10:22:35 交易报文：
2020/03/24-10:22:35 完整交易报文：
2020/03/24-10:22:35 签名后的报文：
2020/03/24-10:22:35 发送交易报文至网上支付平台：
2020/03/24-10:22:35 提交网上支付平台的报文：
                    {"Message":{"Version":"V3.0.0","Format":"JSON","Merchant":{"ECMerchantType":"EBUS","MerchantID":"103881929993502"},"TrxRequest":{"TrxType":"UnifiedOrderReq","PaymentType":"8","PaymentLinkType":"1","ReceiveAccount":"","ReceiveAccName":"","NotifyType":"1","ResultNotifyURL":"http://localhost:8081/MerchantResult.jsp","MerchantRemarks":"","IsBreakAccount":"0","SplitAccTemplate":"","LimitPay":"","CommodityType":"0201","Order":{"PayTypeID":"JSAPI","OrderDate":"2020/03/24","OrderTime":"10:22:35","orderTimeoutDate":"","OrderNo":"s-20032410223505","CurrencyCode":"156","OrderAmount":"12","Fee":"","AccountNo":"wxa6560b9ee6f159f8","OrderDesc":"订单说明","OpenID":"oHXtL5HJ23V7FCNt2v5RRHeEjZpA","ReceiverAddress":"","InstallmentMark":"0","InstallmentCode":"","InstallmentNum":"","BuyIP":"","ExpiredDate":"","LimitPay":"no_credit","OrderItems":[{"SubMerName":"","SubMerId":"","SubMerMCC":"","SubMerchantRemarks":"","ProductID":"","ProductName":"商品A","UnitPrice":"12","Qty":"","ProductRemarks":"","ProductType":"","ProductDiscount":"","ProductExpiredDate":""}]}}},"Signature-Algorithm":"SHA1withRSA","Signature":"QZh2cyDDKNxDmmUSlBdCLPg6V7sOt7L2n4U+wqlDPvhMwfN4hHx+5ZlI1EZy8gKHGDvn+50HQSToRlFTDBUUv0gSP+yFqISNFa00SlttjNR5Ox/WclQLL+Sx4Bv9Ba/deybOE7PA5l2bmfgOz0ToEerLqqS08lIbyGe3+SSSwxY="}
2020/03/24-10:22:35 报文长度：1287
2020/03/24-10:22:35 连线网上支付平台：成功
2020/03/24-10:22:35 提交交易报文：成功
2020/03/24-10:22:35 等待网上支付平台返回交易结果：成功
2020/03/24-10:22:36 返回报文：
                    HTTP/1.1 200 OKCache-Control: privateContent-Type: text/html; charset=gb2312Server: Microsoft-IIS/8.5X-AspNet-Version: 4.0.30319Set-Cookie: ASP.NET_SessionId=x134qxudlhemfzof43h11hid; path=/; HttpOnlyX-Powered-By: ASP.NETDate: Tue, 24 Mar 2020 02:22:34 GMTConnection: closeSet-Cookie: BIGipServerpool_ebus_ebus=!ruRaInYPnwC/gNG3henJuDiOltfGQFrNx4vK5p1EvJU0Ki2U79UvgeVKm/gZamzaJqECBHR/yAb2SMQ=; path=/{"MSG":{"Message":{"Version":"V3.0.0","Format":"JSON","Merchant":{"ECMerchantType":"EBUS","MerchantID":"103881929993502"},"ReturnCode":"0000","ErrorMessage":"交易成功","TrxType":"UnifiedOrderReq","OrderNo":"s-20032410223505","PaymentURL":"https://pay.abchina.com/ebusperbank/PaymentModeNewAct.ebf?TOKEN=15850165545871807263","QRURL":"","PrePayID":"wx241022349133533c2ce251bb1501546000","ThirdOrderNo":"10388192999350250165545871807263","OrderAmount":"12","OpenID":"","BankType":"","APP":{"sub_appid":"wxa6560b9ee6f159f8","partnerid":"","prepayid":"","package":"prepay_id=wx241022349133533c2ce251bb1501546000","noncestr":"","timestamp":"1585016554","sign":"W7p6NrzMBSEDeSQ4RROYcih40XEVWxfWIKYVDQhlYS/fGULEaScV2UIxjOmbLfo39PABvOWl2vmtXkLZkTO0hUhyJqpQPl149qIz0oxme/xQ/pYsrZjcRT6QUbBAkUdELlhNWlzrBqNg1LDhsOY4Kx/f+AojIA7JBNK4oeyq25vHf5jmVGUMcNk5mjtSDd+L/1GJn3xo4g/2oP2GzfVZ2Dm57pi24jHIsRSl3CJpWDU5LeDs1GC+dtzfeXvpYkjfpf4PYK+9emKIYbOp5p1fD6dml8XnCvEKPcm/+2uqlKmyfYzpcqQxjaaAKK+0YxBtl+DeCGUQ39u2Ns72eLjB/A=="},"JSAPI":{"sub_appId":"wxa6560b9ee6f159f8","timeStamp":"1585016554","nonceStr":"616833f34e944c2292150a99fad5734d","package":"prepay_id=wx241022349133533c2ce251bb1501546000","signType":"RSA","timestamp":"1585016554","paySign":"g0D08qnE14aH94gZuDipMdH3z4cgMAl3BBO6l5Su9LwaurB5uKJwCwLyR/ypgfags6z5HJgnyX1IXlUpv8MdjzPVcFVolxe34ObcMAhR5bTOsxpaVZkc8XD/wtF5d76/KIGOGe8gt05CyzANMwXNAKNJfKIc1gtJ8Y9RjcQt8kQgpgSJDR4ffzMPcAf+zz25DOGf0JCmDSQn+kyfnmLvEfZPmC52Rq6vimXjJKj7iXriVmdqtKF9jP44+V06ebXuyJTFbJd4VGTaF4AZu3O5FkmGS0hNaMQvgPeiGnGwMkq9Xhaiva4AFCIlD7qvcCOvPyDg5olpFRedzuInJugZ6g=="},"HostDate":"20200324","HostTime":"102234"},"Signature-Algorithm":"SHA1withRSA","Signature":"CTGXBgkfMpq7ooLgveHPVxYa7sIG6Q1aIUmKagnwz9pxjif7rZ/X/dGiF/I7sqsYU/Qchuql+JC/kHyVPa5jeOPJNO3MkIdu4yMy1y6z63kopWmNPwrhu6xxM9gzvB4fVLR8Lc0tlICkKuPgZQabAcKUrdt15Qb4a6uircam71I="}}
2020/03/24-10:22:36 接收报文：
2020/03/24-10:22:36 HTTP/1.1 200 OKCache-Control: privateContent-Type: text/html; charset=gb2312Server: Microsoft-IIS/8.5X-AspNet-Version: 4.0.30319Set-Cookie: ASP.NET_SessionId=x134qxudlhemfzof43h11hid; path=/; HttpOnlyX-Powered-By: ASP.NETDate: Tue, 24 Mar 2020 02:22:34 GMTConnection: closeSet-Cookie: BIGipServerpool_ebus_ebus=!ruRaInYPnwC/gNG3henJuDiOltfGQFrNx4vK5p1EvJU0Ki2U79UvgeVKm/gZamzaJqECBHR/yAb2SMQ=; path=/{"MSG":{"Message":{"Version":"V3.0.0","Format":"JSON","Merchant":{"ECMerchantType":"EBUS","MerchantID":"103881929993502"},"ReturnCode":"0000","ErrorMessage":"交易成功","TrxType":"UnifiedOrderReq","OrderNo":"s-20032410223505","PaymentURL":"https://pay.abchina.com/ebusperbank/PaymentModeNewAct.ebf?TOKEN=15850165545871807263","QRURL":"","PrePayID":"wx241022349133533c2ce251bb1501546000","ThirdOrderNo":"10388192999350250165545871807263","OrderAmount":"12","OpenID":"","BankType":"","APP":{"sub_appid":"wxa6560b9ee6f159f8","partnerid":"","prepayid":"","package":"prepay_id=wx241022349133533c2ce251bb1501546000","noncestr":"","timestamp":"1585016554","sign":"W7p6NrzMBSEDeSQ4RROYcih40XEVWxfWIKYVDQhlYS/fGULEaScV2UIxjOmbLfo39PABvOWl2vmtXkLZkTO0hUhyJqpQPl149qIz0oxme/xQ/pYsrZjcRT6QUbBAkUdELlhNWlzrBqNg1LDhsOY4Kx/f+AojIA7JBNK4oeyq25vHf5jmVGUMcNk5mjtSDd+L/1GJn3xo4g/2oP2GzfVZ2Dm57pi24jHIsRSl3CJpWDU5LeDs1GC+dtzfeXvpYkjfpf4PYK+9emKIYbOp5p1fD6dml8XnCvEKPcm/+2uqlKmyfYzpcqQxjaaAKK+0YxBtl+DeCGUQ39u2Ns72eLjB/A=="},"JSAPI":{"sub_appId":"wxa6560b9ee6f159f8","timeStamp":"1585016554","nonceStr":"616833f34e944c2292150a99fad5734d","package":"prepay_id=wx241022349133533c2ce251bb1501546000","signType":"RSA","timestamp":"1585016554","paySign":"g0D08qnE14aH94gZuDipMdH3z4cgMAl3BBO6l5Su9LwaurB5uKJwCwLyR/ypgfags6z5HJgnyX1IXlUpv8MdjzPVcFVolxe34ObcMAhR5bTOsxpaVZkc8XD/wtF5d76/KIGOGe8gt05CyzANMwXNAKNJfKIc1gtJ8Y9RjcQt8kQgpgSJDR4ffzMPcAf+zz25DOGf0JCmDSQn+kyfnmLvEfZPmC52Rq6vimXjJKj7iXriVmdqtKF9jP44+V06ebXuyJTFbJd4VGTaF4AZu3O5FkmGS0hNaMQvgPeiGnGwMkq9Xhaiva4AFCIlD7qvcCOvPyDg5olpFRedzuInJugZ6g=="},"HostDate":"20200324","HostTime":"102234"},"Signature-Algorithm":"SHA1withRSA","Signature":"CTGXBgkfMpq7ooLgveHPVxYa7sIG6Q1aIUmKagnwz9pxjif7rZ/X/dGiF/I7sqsYU/Qchuql+JC/kHyVPa5jeOPJNO3MkIdu4yMy1y6z63kopWmNPwrhu6xxM9gzvB4fVLR8Lc0tlICkKuPgZQabAcKUrdt15Qb4a6uircam71I="}}
2020/03/24-10:22:36 验证网上支付平台响应报文的签名：正确
2020/03/24-10:22:36 生成交易响应对象：
2020/03/24-10:22:36 交易结果：[0000]
2020/03/24-10:22:36 错误信息：[交易成功]
2020/03/24-10:22:36 交易结束==================================================